<?xml version="1.1" encoding="UTF-8"?>
<testsuite name="au.org.r358.poolnetty.test.funcobs.EphemeralTest" tests="1" failures="0" errors="0" timestamp="2014-02-23T10:34:21" hostname="MEGAN-WOODSs-iMac.local" time="6.016">
  <properties/>
  <testcase name="testAgeOutOfEphemeral" classname="au.org.r358.poolnetty.test.funcobs.EphemeralTest" time="6.016"/>
  <system-out><![CDATA[]]></system-out>
  <system-err><![CDATA[]]></system-err>
</testsuite>
