<?xml version="1.1" encoding="UTF-8"?>
<testsuite name="au.org.r358.poolnetty.test.funcobs.ConnectionEstablishPhaseTest" tests="1" failures="0" errors="0" timestamp="2014-02-23T10:34:21" hostname="MEGAN-WOODSs-iMac.local" time="0.01">
  <properties/>
  <testcase name="testEstablishmentOfSingleConnection" classname="au.org.r358.poolnetty.test.funcobs.ConnectionEstablishPhaseTest" time="0.01"/>
  <system-out><![CDATA[]]></system-out>
  <system-err><![CDATA[]]></system-err>
</testsuite>
