<?xml version="1.1" encoding="UTF-8"?>
<testsuite name="au.org.r358.poolnetty.test.NettyConnectionPoolBuilderTest" tests="1" failures="0" errors="0" timestamp="2014-02-23T10:34:20" hostname="MEGAN-WOODSs-iMac.local" time="0.022">
  <properties/>
  <testcase name="testVariablesAreWhatTheyShouldBe" classname="au.org.r358.poolnetty.test.NettyConnectionPoolBuilderTest" time="0.022"/>
  <system-out><![CDATA[]]></system-out>
  <system-err><![CDATA[]]></system-err>
</testsuite>
